<?xml version="1.0" encoding="UTF-8"?>
<!-- Generated by org.testng.reporters.JUnitReportReporter -->
<testsuite hostname="NguyenVanQuyet" failures="0" tests="5" name="DAO.NhanVienDAOTest" time="0.750" errors="0" timestamp="2024-04-10T10:08:06 ICT" skipped="0">
  <testcase classname="DAO.NhanVienDAOTest" name="CheckLoginTest" time="0.046"/>
  <system-out/>
  <testcase classname="DAO.NhanVienDAOTest" name="CheckLoginTest1" time="0.026"/>
  <system-out/>
  <testcase classname="DAO.NhanVienDAOTest" name="CheckLoginTest4" time="0.026"/>
  <system-out/>
  <testcase classname="DAO.NhanVienDAOTest" name="CheckLoginTest2" time="0.027"/>
  <system-out/>
  <testcase classname="DAO.NhanVienDAOTest" name="CheckLoginTes3t" time="0.625"/>
  <system-out/>
</testsuite> <!-- DAO.NhanVienDAOTest -->
