<?xml version="1.0" encoding="UTF-8"?>
<!-- Generated by org.testng.reporters.JUnitReportReporter -->
<testsuite hostname="NguyenVanQuyet" failures="0" tests="1" name="DAO.TestInsert" time="0.753" errors="0" timestamp="2024-04-10T10:12:06 ICT" skipped="0">
  <testcase classname="DAO.TestInsert" name="testInsertEmployee" time="0.753"/>
  <system-out/>
</testsuite> <!-- DAO.TestInsert -->
